[2021-06-07T18:23:13.013Z] [org.springframework.boot.StartupInfoLogger] [main] [55] [INFO ] Starting EmployeeApplication on DESKTOP-268LBT8 with PID 11008 (E:\employee\target\classes started by DELL in E:\employee)
[2021-06-07T18:23:13.013Z] [org.springframework.boot.SpringApplication] [main] [648] [INFO ] No active profile set, falling back to default profiles: default
[2021-06-07T18:23:13.013Z] [org.springframework.data.repository.config.RepositoryConfigurationDelegate] [main] [127] [INFO ] Bootstrapping Spring Data JPA repositories in DEFAULT mode.
[2021-06-07T18:23:13.013Z] [org.springframework.data.repository.config.RepositoryConfigurationDelegate] [main] [187] [INFO ] Finished Spring Data repository scanning in 38ms. Found 1 JPA repository interfaces.
[2021-06-07T18:23:14.014Z] [org.springframework.boot.web.embedded.tomcat.TomcatWebServer] [main] [108] [INFO ] Tomcat initialized with port(s): 8080 (http)
[2021-06-07T18:23:14.014Z] [org.apache.juli.logging.DirectJDKLog] [main] [173] [INFO ] Starting service [Tomcat]
[2021-06-07T18:23:14.014Z] [org.apache.juli.logging.DirectJDKLog] [main] [173] [INFO ] Starting Servlet engine: [Apache Tomcat/9.0.46]
[2021-06-07T18:23:14.014Z] [org.apache.juli.logging.DirectJDKLog] [main] [173] [INFO ] Initializing Spring embedded WebApplicationContext
[2021-06-07T18:23:14.014Z] [org.springframework.boot.web.servlet.context.ServletWebServerApplicationContext] [main] [285] [INFO ] Root WebApplicationContext: initialization completed in 1262 ms
[2021-06-07T18:23:14.014Z] [com.zaxxer.hikari.HikariConfig] [main] [482] [ERROR] Failed to load driver class com.mysql.cj.jdbc.Driver from HikariConfig class classloader jdk.internal.loader.ClassLoaders$AppClassLoader@4b85612c
[2021-06-07T18:23:14.014Z] [org.springframework.boot.web.embedded.tomcat.TomcatStarter] [main] [61] [ERROR] Error starting Tomcat context. Exception: org.springframework.beans.factory.BeanCreationException. Message: Error creating bean with name 'h2Console' defined in class path resource [org/springframework/boot/autoconfigure/h2/H2ConsoleAutoConfiguration.class]: Bean instantiation via factory method failed; nested exception is org.springframework.beans.BeanInstantiationException: Failed to instantiate [org.springframework.boot.web.servlet.ServletRegistrationBean]: Factory method 'h2Console' threw exception; nested exception is org.springframework.beans.factory.BeanCreationException: Error creating bean with name 'dataSource' defined in class path resource [org/springframework/boot/autoconfigure/jdbc/DataSourceConfiguration$Hikari.class]: Bean instantiation via factory method failed; nested exception is org.springframework.beans.BeanInstantiationException: Failed to instantiate [com.zaxxer.hikari.HikariDataSource]: Factory method 'dataSource' threw exception; nested exception is org.springframework.boot.context.properties.bind.BindException: Failed to bind properties under '' to com.zaxxer.hikari.HikariDataSource
[2021-06-07T18:23:14.014Z] [org.apache.juli.logging.DirectJDKLog] [main] [173] [INFO ] Stopping service [Tomcat]
[2021-06-07T18:23:14.014Z] [org.springframework.context.support.AbstractApplicationContext] [main] [559] [WARN ] Exception encountered during context initialization - cancelling refresh attempt: org.springframework.context.ApplicationContextException: Unable to start web server; nested exception is org.springframework.boot.web.server.WebServerException: Unable to start embedded Tomcat
[2021-06-07T18:23:14.014Z] [org.springframework.boot.autoconfigure.logging.ConditionEvaluationReportLoggingListener] [main] [136] [INFO ] 

Error starting ApplicationContext. To display the conditions report re-run your application with 'debug' enabled.
[2021-06-07T18:23:14.014Z] [org.springframework.boot.diagnostics.LoggingFailureAnalysisReporter] [main] [40] [ERROR] 

***************************
APPLICATION FAILED TO START
***************************

Description:

Failed to bind properties under '' to com.zaxxer.hikari.HikariDataSource:

    Property: driver-class-name
    Value: com.mysql.cj.jdbc.Driver
    Origin: "driverClassName" from property source "source"
    Reason: Failed to load driver class com.mysql.cj.jdbc.Driver in either of HikariConfig class loader or Thread context classloader

Action:

Update your application's configuration

[2021-06-07T18:26:20.020Z] [org.springframework.test.context.support.AbstractTestContextBootstrapper] [main] [308] [INFO ] Neither @ContextConfiguration nor @ContextHierarchy found for test class [com.edusol.employee.EmployeeApplicationTests], using SpringBootContextLoader
[2021-06-07T18:26:20.020Z] [org.springframework.test.context.support.AbstractContextLoader] [main] [264] [INFO ] Could not detect default resource locations for test class [com.edusol.employee.EmployeeApplicationTests]: no resource found for suffixes {-context.xml, Context.groovy}.
[2021-06-07T18:26:20.020Z] [org.springframework.test.context.support.AnnotationConfigContextLoaderUtils] [main] [83] [INFO ] Could not detect default configuration classes for test class [com.edusol.employee.EmployeeApplicationTests]: EmployeeApplicationTests does not declare any static, non-private, non-final, nested classes annotated with @Configuration.
[2021-06-07T18:26:20.020Z] [org.springframework.boot.test.context.SpringBootTestContextBootstrapper] [main] [237] [INFO ] Found @SpringBootConfiguration com.edusol.employee.EmployeeApplication for test class com.edusol.employee.EmployeeApplicationTests
[2021-06-07T18:26:20.020Z] [org.springframework.test.context.support.AbstractTestContextBootstrapper] [main] [248] [INFO ] Loaded default TestExecutionListener class names from location [META-INF/spring.factories]: [org.springframework.boot.test.mock.mockito.MockitoTestExecutionListener, org.springframework.boot.test.mock.mockito.ResetMocksTestExecutionListener, org.springframework.boot.test.autoconfigure.restdocs.RestDocsTestExecutionListener, org.springframework.boot.test.autoconfigure.web.client.MockRestServiceServerResetTestExecutionListener, org.springframework.boot.test.autoconfigure.web.servlet.MockMvcPrintOnlyOnFailureTestExecutionListener, org.springframework.boot.test.autoconfigure.web.servlet.WebDriverTestExecutionListener, org.springframework.boot.test.autoconfigure.webservices.client.MockWebServiceServerTestExecutionListener, org.springframework.test.context.web.ServletTestExecutionListener, org.springframework.test.context.support.DirtiesContextBeforeModesTestExecutionListener, org.springframework.test.context.support.DependencyInjectionTestExecutionListener, org.springframework.test.context.support.DirtiesContextTestExecutionListener, org.springframework.test.context.transaction.TransactionalTestExecutionListener, org.springframework.test.context.jdbc.SqlScriptsTestExecutionListener, org.springframework.test.context.event.EventPublishingTestExecutionListener]
[2021-06-07T18:26:20.020Z] [org.springframework.test.context.support.AbstractTestContextBootstrapper] [main] [177] [INFO ] Using TestExecutionListeners: [org.springframework.test.context.web.ServletTestExecutionListener@5dbe30be, org.springframework.test.context.support.DirtiesContextBeforeModesTestExecutionListener@4fe89c24, org.springframework.boot.test.mock.mockito.MockitoTestExecutionListener@55795845, org.springframework.boot.test.autoconfigure.SpringBootDependencyInjectionTestExecutionListener@3d08f3f5, org.springframework.test.context.support.DirtiesContextTestExecutionListener@119f1f2a, org.springframework.test.context.transaction.TransactionalTestExecutionListener@1a1da881, org.springframework.test.context.jdbc.SqlScriptsTestExecutionListener@5b970f7, org.springframework.test.context.event.EventPublishingTestExecutionListener@7fd4acee, org.springframework.boot.test.mock.mockito.ResetMocksTestExecutionListener@165b8a71, org.springframework.boot.test.autoconfigure.restdocs.RestDocsTestExecutionListener@6175619b, org.springframework.boot.test.autoconfigure.web.client.MockRestServiceServerResetTestExecutionListener@2f058b8a, org.springframework.boot.test.autoconfigure.web.servlet.MockMvcPrintOnlyOnFailureTestExecutionListener@756cf158, org.springframework.boot.test.autoconfigure.web.servlet.WebDriverTestExecutionListener@3f2ef586, org.springframework.boot.test.autoconfigure.webservices.client.MockWebServiceServerTestExecutionListener@751d3241]
[2021-06-07T18:26:20.020Z] [org.springframework.boot.StartupInfoLogger] [main] [55] [INFO ] Starting EmployeeApplicationTests on DESKTOP-268LBT8 with PID 13008 (started by DELL in E:\employee)
[2021-06-07T18:26:20.020Z] [org.springframework.boot.SpringApplication] [main] [648] [INFO ] No active profile set, falling back to default profiles: default
[2021-06-07T18:26:21.021Z] [org.springframework.data.repository.config.RepositoryConfigurationDelegate] [main] [127] [INFO ] Bootstrapping Spring Data JPA repositories in DEFAULT mode.
[2021-06-07T18:26:21.021Z] [org.springframework.data.repository.config.RepositoryConfigurationDelegate] [main] [187] [INFO ] Finished Spring Data repository scanning in 32ms. Found 1 JPA repository interfaces.
[2021-06-07T18:26:21.021Z] [org.hibernate.jpa.internal.util.LogHelper] [main] [31] [INFO ] HHH000204: Processing PersistenceUnitInfo [name: default]
[2021-06-07T18:26:21.021Z] [org.hibernate.Version] [main] [44] [INFO ] HHH000412: Hibernate ORM core version 5.4.31.Final
[2021-06-07T18:26:21.021Z] [org.hibernate.annotations.common.reflection.java.JavaReflectionManager] [main] [56] [INFO ] HCANN000001: Hibernate Commons Annotations {5.1.2.Final}
[2021-06-07T18:26:21.021Z] [com.zaxxer.hikari.HikariDataSource] [main] [110] [INFO ] HikariPoolBooks - Starting...
[2021-06-07T18:26:22.022Z] [com.zaxxer.hikari.HikariDataSource] [main] [123] [INFO ] HikariPoolBooks - Start completed.
[2021-06-07T18:26:22.022Z] [org.hibernate.dialect.Dialect] [main] [175] [INFO ] HHH000400: Using dialect: org.hibernate.dialect.Oracle12cDialect
[2021-06-07T18:26:22.022Z] [org.hibernate.engine.transaction.jta.platform.internal.JtaPlatformInitiator] [main] [52] [INFO ] HHH000490: Using JtaPlatform implementation: [org.hibernate.engine.transaction.jta.platform.internal.NoJtaPlatform]
[2021-06-07T18:26:22.022Z] [org.springframework.orm.jpa.AbstractEntityManagerFactoryBean] [main] [419] [INFO ] Initialized JPA EntityManagerFactory for persistence unit 'default'
[2021-06-07T18:26:23.023Z] [org.springframework.boot.autoconfigure.orm.jpa.JpaBaseConfiguration$JpaWebConfiguration] [main] [220] [WARN ] spring.jpa.open-in-view is enabled by default. Therefore, database queries may be performed during view rendering. Explicitly configure spring.jpa.open-in-view to disable this warning
[2021-06-07T18:26:23.023Z] [org.springframework.scheduling.concurrent.ExecutorConfigurationSupport] [main] [181] [INFO ] Initializing ExecutorService 'applicationTaskExecutor'
[2021-06-07T18:26:23.023Z] [org.springframework.boot.StartupInfoLogger] [main] [61] [INFO ] Started EmployeeApplicationTests in 3.606 seconds (JVM running for 4.572)
[2021-06-07T18:26:24.024Z] [org.springframework.scheduling.concurrent.ExecutorConfigurationSupport] [SpringContextShutdownHook] [218] [INFO ] Shutting down ExecutorService 'applicationTaskExecutor'
[2021-06-07T18:26:24.024Z] [org.springframework.orm.jpa.AbstractEntityManagerFactoryBean] [SpringContextShutdownHook] [601] [INFO ] Closing JPA EntityManagerFactory for persistence unit 'default'
[2021-06-07T18:26:24.024Z] [com.zaxxer.hikari.HikariDataSource] [SpringContextShutdownHook] [350] [INFO ] HikariPoolBooks - Shutdown initiated...
[2021-06-07T18:26:24.024Z] [com.zaxxer.hikari.HikariDataSource] [SpringContextShutdownHook] [352] [INFO ] HikariPoolBooks - Shutdown completed.
[2021-06-07T18:29:24.024Z] [org.springframework.boot.StartupInfoLogger] [main] [55] [INFO ] Starting EmployeeApplication on DESKTOP-268LBT8 with PID 9944 (E:\employee\target\classes started by DELL in E:\employee)
[2021-06-07T18:29:24.024Z] [org.springframework.boot.SpringApplication] [main] [648] [INFO ] No active profile set, falling back to default profiles: default
[2021-06-07T18:29:24.024Z] [org.springframework.data.repository.config.RepositoryConfigurationDelegate] [main] [127] [INFO ] Bootstrapping Spring Data JPA repositories in DEFAULT mode.
[2021-06-07T18:29:24.024Z] [org.springframework.data.repository.config.RepositoryConfigurationDelegate] [main] [187] [INFO ] Finished Spring Data repository scanning in 35ms. Found 1 JPA repository interfaces.
[2021-06-07T18:29:25.025Z] [org.springframework.boot.web.embedded.tomcat.TomcatWebServer] [main] [108] [INFO ] Tomcat initialized with port(s): 8080 (http)
[2021-06-07T18:29:25.025Z] [org.apache.juli.logging.DirectJDKLog] [main] [173] [INFO ] Starting service [Tomcat]
[2021-06-07T18:29:25.025Z] [org.apache.juli.logging.DirectJDKLog] [main] [173] [INFO ] Starting Servlet engine: [Apache Tomcat/9.0.46]
[2021-06-07T18:29:25.025Z] [org.apache.juli.logging.DirectJDKLog] [main] [173] [INFO ] Initializing Spring embedded WebApplicationContext
[2021-06-07T18:29:25.025Z] [org.springframework.boot.web.servlet.context.ServletWebServerApplicationContext] [main] [285] [INFO ] Root WebApplicationContext: initialization completed in 1229 ms
[2021-06-07T18:29:25.025Z] [org.hibernate.jpa.internal.util.LogHelper] [main] [31] [INFO ] HHH000204: Processing PersistenceUnitInfo [name: default]
[2021-06-07T18:29:25.025Z] [org.hibernate.Version] [main] [44] [INFO ] HHH000412: Hibernate ORM core version 5.4.31.Final
[2021-06-07T18:29:25.025Z] [org.hibernate.annotations.common.reflection.java.JavaReflectionManager] [main] [56] [INFO ] HCANN000001: Hibernate Commons Annotations {5.1.2.Final}
[2021-06-07T18:29:25.025Z] [com.zaxxer.hikari.HikariDataSource] [main] [110] [INFO ] HikariPoolBooks - Starting...
[2021-06-07T18:29:26.026Z] [com.zaxxer.hikari.HikariDataSource] [main] [123] [INFO ] HikariPoolBooks - Start completed.
[2021-06-07T18:29:26.026Z] [org.hibernate.dialect.Dialect] [main] [175] [INFO ] HHH000400: Using dialect: org.hibernate.dialect.Oracle12cDialect
[2021-06-07T18:29:26.026Z] [org.hibernate.engine.transaction.jta.platform.internal.JtaPlatformInitiator] [main] [52] [INFO ] HHH000490: Using JtaPlatform implementation: [org.hibernate.engine.transaction.jta.platform.internal.NoJtaPlatform]
[2021-06-07T18:29:26.026Z] [org.springframework.orm.jpa.AbstractEntityManagerFactoryBean] [main] [419] [INFO ] Initialized JPA EntityManagerFactory for persistence unit 'default'
[2021-06-07T18:29:26.026Z] [org.springframework.boot.autoconfigure.orm.jpa.JpaBaseConfiguration$JpaWebConfiguration] [main] [220] [WARN ] spring.jpa.open-in-view is enabled by default. Therefore, database queries may be performed during view rendering. Explicitly configure spring.jpa.open-in-view to disable this warning
[2021-06-07T18:29:27.027Z] [org.springframework.scheduling.concurrent.ExecutorConfigurationSupport] [main] [181] [INFO ] Initializing ExecutorService 'applicationTaskExecutor'
[2021-06-07T18:29:27.027Z] [org.springframework.context.support.AbstractApplicationContext] [main] [559] [WARN ] Exception encountered during context initialization - cancelling refresh attempt: org.springframework.context.ApplicationContextException: Failed to start bean 'webServerStartStop'; nested exception is org.springframework.boot.web.server.PortInUseException: Port 8080 is already in use
[2021-06-07T18:29:27.027Z] [org.springframework.scheduling.concurrent.ExecutorConfigurationSupport] [main] [218] [INFO ] Shutting down ExecutorService 'applicationTaskExecutor'
[2021-06-07T18:29:27.027Z] [org.springframework.orm.jpa.AbstractEntityManagerFactoryBean] [main] [601] [INFO ] Closing JPA EntityManagerFactory for persistence unit 'default'
[2021-06-07T18:29:27.027Z] [com.zaxxer.hikari.HikariDataSource] [main] [350] [INFO ] HikariPoolBooks - Shutdown initiated...
[2021-06-07T18:29:27.027Z] [com.zaxxer.hikari.HikariDataSource] [main] [352] [INFO ] HikariPoolBooks - Shutdown completed.
[2021-06-07T18:29:27.027Z] [org.apache.juli.logging.DirectJDKLog] [main] [173] [INFO ] Stopping service [Tomcat]
[2021-06-07T18:29:27.027Z] [org.springframework.boot.autoconfigure.logging.ConditionEvaluationReportLoggingListener] [main] [136] [INFO ] 

Error starting ApplicationContext. To display the conditions report re-run your application with 'debug' enabled.
[2021-06-07T18:29:27.027Z] [org.springframework.boot.diagnostics.LoggingFailureAnalysisReporter] [main] [40] [ERROR] 

***************************
APPLICATION FAILED TO START
***************************

Description:

Web server failed to start. Port 8080 was already in use.

Action:

Identify and stop the process that's listening on port 8080 or configure this application to listen on another port.

[2021-06-07T18:29:50.050Z] [org.springframework.boot.StartupInfoLogger] [main] [55] [INFO ] Starting EmployeeApplication on DESKTOP-268LBT8 with PID 11048 (E:\employee\target\classes started by DELL in E:\employee)
[2021-06-07T18:29:50.050Z] [org.springframework.boot.SpringApplication] [main] [648] [INFO ] No active profile set, falling back to default profiles: default
[2021-06-07T18:29:51.051Z] [org.springframework.data.repository.config.RepositoryConfigurationDelegate] [main] [127] [INFO ] Bootstrapping Spring Data JPA repositories in DEFAULT mode.
[2021-06-07T18:29:51.051Z] [org.springframework.data.repository.config.RepositoryConfigurationDelegate] [main] [187] [INFO ] Finished Spring Data repository scanning in 36ms. Found 1 JPA repository interfaces.
[2021-06-07T18:29:52.052Z] [org.springframework.boot.web.embedded.tomcat.TomcatWebServer] [main] [108] [INFO ] Tomcat initialized with port(s): 8081 (http)
[2021-06-07T18:29:52.052Z] [org.apache.juli.logging.DirectJDKLog] [main] [173] [INFO ] Starting service [Tomcat]
[2021-06-07T18:29:52.052Z] [org.apache.juli.logging.DirectJDKLog] [main] [173] [INFO ] Starting Servlet engine: [Apache Tomcat/9.0.46]
[2021-06-07T18:29:52.052Z] [org.apache.juli.logging.DirectJDKLog] [main] [173] [INFO ] Initializing Spring embedded WebApplicationContext
[2021-06-07T18:29:52.052Z] [org.springframework.boot.web.servlet.context.ServletWebServerApplicationContext] [main] [285] [INFO ] Root WebApplicationContext: initialization completed in 1212 ms
[2021-06-07T18:29:52.052Z] [org.hibernate.jpa.internal.util.LogHelper] [main] [31] [INFO ] HHH000204: Processing PersistenceUnitInfo [name: default]
[2021-06-07T18:29:52.052Z] [org.hibernate.Version] [main] [44] [INFO ] HHH000412: Hibernate ORM core version 5.4.31.Final
[2021-06-07T18:29:52.052Z] [org.hibernate.annotations.common.reflection.java.JavaReflectionManager] [main] [56] [INFO ] HCANN000001: Hibernate Commons Annotations {5.1.2.Final}
[2021-06-07T18:29:52.052Z] [com.zaxxer.hikari.HikariDataSource] [main] [110] [INFO ] HikariPoolBooks - Starting...
[2021-06-07T18:29:52.052Z] [com.zaxxer.hikari.HikariDataSource] [main] [123] [INFO ] HikariPoolBooks - Start completed.
[2021-06-07T18:29:52.052Z] [org.hibernate.dialect.Dialect] [main] [175] [INFO ] HHH000400: Using dialect: org.hibernate.dialect.Oracle12cDialect
[2021-06-07T18:29:53.053Z] [org.hibernate.engine.transaction.jta.platform.internal.JtaPlatformInitiator] [main] [52] [INFO ] HHH000490: Using JtaPlatform implementation: [org.hibernate.engine.transaction.jta.platform.internal.NoJtaPlatform]
[2021-06-07T18:29:53.053Z] [org.springframework.orm.jpa.AbstractEntityManagerFactoryBean] [main] [419] [INFO ] Initialized JPA EntityManagerFactory for persistence unit 'default'
[2021-06-07T18:29:53.053Z] [org.springframework.boot.autoconfigure.orm.jpa.JpaBaseConfiguration$JpaWebConfiguration] [main] [220] [WARN ] spring.jpa.open-in-view is enabled by default. Therefore, database queries may be performed during view rendering. Explicitly configure spring.jpa.open-in-view to disable this warning
[2021-06-07T18:29:53.053Z] [org.springframework.scheduling.concurrent.ExecutorConfigurationSupport] [main] [181] [INFO ] Initializing ExecutorService 'applicationTaskExecutor'
[2021-06-07T18:29:54.054Z] [org.springframework.boot.web.embedded.tomcat.TomcatWebServer] [main] [220] [INFO ] Tomcat started on port(s): 8081 (http) with context path ''
[2021-06-07T18:29:54.054Z] [org.springframework.boot.StartupInfoLogger] [main] [61] [INFO ] Started EmployeeApplication in 3.451 seconds (JVM running for 3.933)
[2021-06-07T18:30:56.056Z] [org.apache.juli.logging.DirectJDKLog] [http-nio-8081-exec-1] [173] [INFO ] Initializing Spring DispatcherServlet 'dispatcherServlet'
[2021-06-07T18:30:56.056Z] [org.springframework.web.servlet.FrameworkServlet] [http-nio-8081-exec-1] [525] [INFO ] Initializing Servlet 'dispatcherServlet'
[2021-06-07T18:30:56.056Z] [org.springframework.web.servlet.FrameworkServlet] [http-nio-8081-exec-1] [547] [INFO ] Completed initialization in 13 ms
[2021-06-07T18:32:58.058Z] [org.springframework.web.servlet.handler.AbstractHandlerExceptionResolver] [http-nio-8081-exec-6] [199] [WARN ] Resolved [org.springframework.web.HttpMediaTypeNotSupportedException: Content type 'text/plain;charset=UTF-8' not supported]
[2021-06-07T18:33:31.031Z] [org.springframework.web.servlet.handler.AbstractHandlerExceptionResolver] [http-nio-8081-exec-7] [199] [WARN ] Resolved [org.springframework.web.HttpMediaTypeNotSupportedException: Content type 'text/plain;charset=UTF-8' not supported]
[2021-06-07T18:33:49.049Z] [com.edusol.employee.service.EmployeeService] [http-nio-8081-exec-4] [27] [INFO ] Employee [id=1, name=hari, department=It]
[2021-06-07T18:33:49.049Z] [com.edusol.employee.service.EmployeeService] [http-nio-8081-exec-4] [29] [INFO ] Employee added succesfully
[2021-06-07T18:34:22.022Z] [com.edusol.employee.controller.EmployeeController] [http-nio-8081-exec-9] [33] [INFO ] [Employee [id=1, name=hari, department=It]]
[2021-06-07T18:34:43.043Z] [com.edusol.employee.service.EmployeeService] [http-nio-8081-exec-10] [27] [INFO ] Employee [id=2, name=Vikas, department=computer]
[2021-06-07T18:34:43.043Z] [com.edusol.employee.service.EmployeeService] [http-nio-8081-exec-10] [29] [INFO ] Employee added succesfully
[2021-06-07T18:34:54.054Z] [com.edusol.employee.service.EmployeeService] [http-nio-8081-exec-2] [27] [INFO ] Employee [id=3, name=Rashmi, department=computer]
[2021-06-07T18:34:54.054Z] [com.edusol.employee.service.EmployeeService] [http-nio-8081-exec-2] [29] [INFO ] Employee added succesfully
[2021-06-07T18:34:59.059Z] [com.edusol.employee.controller.EmployeeController] [http-nio-8081-exec-1] [33] [INFO ] [Employee [id=1, name=hari, department=It], Employee [id=2, name=Vikas, department=computer], Employee [id=3, name=Rashmi, department=computer]]
[2021-06-07T18:35:21.021Z] [org.springframework.web.servlet.handler.AbstractHandlerExceptionResolver] [http-nio-8081-exec-3] [199] [WARN ] Resolved [org.springframework.web.HttpRequestMethodNotSupportedException: Request method 'GET' not supported]
[2021-06-07T18:35:48.048Z] [org.springframework.web.servlet.handler.AbstractHandlerExceptionResolver] [http-nio-8081-exec-5] [199] [WARN ] Resolved [org.springframework.web.bind.MissingServletRequestParameterException: Required int parameter 'id' is not present]
[2021-06-07T18:35:50.050Z] [org.springframework.web.servlet.handler.AbstractHandlerExceptionResolver] [http-nio-8081-exec-7] [199] [WARN ] Resolved [org.springframework.web.bind.MissingServletRequestParameterException: Required int parameter 'id' is not present]
[2021-06-07T18:35:51.051Z] [org.springframework.web.servlet.handler.AbstractHandlerExceptionResolver] [http-nio-8081-exec-8] [199] [WARN ] Resolved [org.springframework.web.bind.MissingServletRequestParameterException: Required int parameter 'id' is not present]
[2021-06-07T18:36:04.004Z] [com.edusol.employee.controller.EmployeeController] [http-nio-8081-exec-10] [46] [INFO ] Optional[Employee [id=3, name=Rashmi, department=computer]]
[2021-06-07T18:36:48.048Z] [com.edusol.employee.controller.EmployeeController] [http-nio-8081-exec-2] [54] [INFO ] [Employee [id=2, name=Vikas, department=computer]]
[2021-06-07T18:37:52.052Z] [com.edusol.employee.controller.EmployeeController] [http-nio-8081-exec-5] [63] [INFO ] [Employee [id=1, name=hari, department=It]]
[2021-06-07T18:40:12.012Z] [com.edusol.employee.service.EmployeeService] [http-nio-8081-exec-4] [61] [INFO ] Unable to find com.edusol.employee.model.Employee with id 4
[2021-06-07T18:40:40.040Z] [com.edusol.employee.service.EmployeeService] [http-nio-8081-exec-8] [78] [ERROR] No class com.edusol.employee.model.Employee entity with id 5 exists!
